<?xml version="1.0" encoding="UTF-8"?>
<!-- Generated by org.testng.reporters.JUnitXMLReporter -->
<testsuite hostname="Janas-MacBook-Pro.local" ignored="0" name="All Functionalities" tests="8" failures="0" timestamp="2023-01-23T15:18:00 CST" time="85.836" errors="0">
  <testcase name="validateTechGlobalLoginFormCard" time="0.326" classname="scripts.TechGlobalLoginFormPageTest"/>
  <testcase name="validatingLoginFormValidLogin" time="0.437" classname="scripts.TechGlobalLoginFormPageTest"/>
  <testcase name="validatingTechGlobalLoginFormValidLoginLogout" time="0.515" classname="scripts.TechGlobalLoginFormPageTest"/>
  <testcase name="validatingLoginFormForgotPasswordLink" time="0.22" classname="scripts.TechGlobalLoginFormPageTest"/>
  <testcase name="validatingLoginFormResetPasswordLink" time="0.431" classname="scripts.TechGlobalLoginFormPageTest"/>
  <testcase name="validatingLoginFormInvalidLoginWithWrongUsername" time="0.447" classname="scripts.TechGlobalLoginFormPageTest"/>
  <testcase name="validatingLoginFormInvalidLoginWithWrongPassword" time="0.431" classname="scripts.TechGlobalLoginFormPageTest"/>
  <testcase name="validatingLoginFormInvalidLoginWithWrongBothCredentials" time="0.382" classname="scripts.TechGlobalLoginFormPageTest"/>
</testsuite> <!-- All Functionalities -->
